[debug] [2022-01-14T20:16:52.505Z] ----------------------------------------------------------------------
[debug] [2022-01-14T20:16:52.510Z] Command:       C:\Program Files\nodejs\node.exe C:\Users\iwaya\AppData\Roaming\npm\node_modules\firebase-tools\lib\bin\firebase.js init
[debug] [2022-01-14T20:16:52.511Z] CLI Version:   9.21.0
[debug] [2022-01-14T20:16:52.511Z] Platform:      win32
[debug] [2022-01-14T20:16:52.511Z] Node Version:  v14.17.6
[debug] [2022-01-14T20:16:52.520Z] Time:          Fri Jan 14 2022 17:16:52 GMT-0300 (GMT-03:00)
[debug] [2022-01-14T20:16:52.520Z] ----------------------------------------------------------------------
[debug] 
[debug] [2022-01-14T20:16:52.526Z] >>> [apiv2][query] GET https://firebase-public.firebaseio.com/cli.json [none]
[debug] [2022-01-14T20:16:52.579Z] > command requires scopes: ["email","openid","https://www.googleapis.com/auth/cloudplatformprojects.readonly","https://www.googleapis.com/auth/firebase","https://www.googleapis.com/auth/cloud-platform"]
[debug] [2022-01-14T20:16:52.580Z] > authorizing via signed-in user (iwayatomoaki@gmail.com)
[info] 
     ######## #### ########  ######## ########     ###     ######  ########
     ##        ##  ##     ## ##       ##     ##  ##   ##  ##       ##
     ######    ##  ########  ######   ########  #########  ######  ######
     ##        ##  ##    ##  ##       ##     ## ##     ##       ## ##
     ##       #### ##     ## ######## ########  ##     ##  ######  ########

You're about to initialize a Firebase project in this directory:

  C:\Users\iwaya\Desktop\Code\proyecto_sun_and_play

[debug] [2022-01-14T20:16:53.281Z] <<< [apiv2][status] GET https://firebase-public.firebaseio.com/cli.json 200
[debug] [2022-01-14T20:16:53.282Z] <<< [apiv2][body] GET https://firebase-public.firebaseio.com/cli.json {"cloudBuildErrorAfter":1594252800000,"cloudBuildWarnAfter":1590019200000,"defaultNode10After":1594252800000,"minVersion":"3.0.5","node8DeploysDisabledAfter":1613390400000,"node8RuntimeDisabledAfter":1615809600000,"node8WarnAfter":1600128000000}
